<?xml version="1.0" encoding="UTF-8"?>
<!-- Generated by org.testng.reporters.JUnitReportReporter -->
<testsuite hostname="RAVI" failures="0" tests="1" name="neostox_Testclass.neostox_Testclass" time="21.352" errors="0" timestamp="2023-01-23T19:46:29 IST" skipped="0">
  <testcase classname="neostox_Testclass.neostox_Testclass" name="testcase" time="21.352"/>
  <system-out/>
</testsuite> <!-- neostox_Testclass.neostox_Testclass -->
