<?xml version="1.0" encoding="UTF-8"?>
<!-- Generated by org.testng.reporters.JUnitReportReporter -->
<testsuite hostname="RAVI" failures="0" tests="1" name="neostox_Testclass.neostox_Testcase_popuphandling" time="87.933" errors="0" timestamp="2023-01-25T19:44:41 IST" skipped="0">
  <testcase classname="neostox_Testclass.neostox_Testcase_popuphandling" name="topup" time="87.933"/>
  <system-out/>
</testsuite> <!-- neostox_Testclass.neostox_Testcase_popuphandling -->
