<?xml version="1.0" encoding="UTF-8"?>
<!-- Generated by org.testng.reporters.JUnitReportReporter -->
<testsuite hostname="RAVI" failures="0" tests="1" name="neostox_Testclass.Neostox_verify_Neo_image_testcase" time="43.780" errors="0" timestamp="2023-01-24T19:19:39 IST" skipped="0">
  <testcase classname="neostox_Testclass.Neostox_verify_Neo_image_testcase" name="Neostox_verify_Neo_image_testcase" time="43.780"/>
  <system-out/>
</testsuite> <!-- neostox_Testclass.Neostox_verify_Neo_image_testcase -->
